[ 2016-06-23T09:42:28+08:00 ] 127.0.0.1 /TestThink/Index
INFO: [ app_init ] --START--
INFO: Run Behavior\BuildLiteBehavior [ RunTime:0.000000s ]
INFO: [ app_init ] --END-- [ RunTime:0.000000s ]
INFO: [ app_begin ] --START--
INFO: Run Behavior\ReadHtmlCacheBehavior [ RunTime:0.000000s ]
INFO: [ app_begin ] --END-- [ RunTime:0.000000s ]
NOTIC: [8] Use of undefined constant Index - assumed 'Index' E:\wamp\www\TestThink\Application\Home\Controller\IndexController.class.php 第 6 行.
NOTIC: [8] Use of undefined constant index - assumed 'index' E:\wamp\www\TestThink\Application\Home\Controller\IndexController.class.php 第 6 行.
NOTIC: [2] Division by zero E:\wamp\www\TestThink\Application\Home\Controller\IndexController.class.php 第 6 行.
ERR: 模板不存在:./Application/Home/View/Index/index.html
NOTIC: [2] Cannot modify header information - headers already sent by (output started at E:\wamp\www\TestThink\ThinkPHP\Common\functions.php:102) E:\wamp\www\TestThink\ThinkPHP\Library\Think\Think.class.php 第 229 行.
NOTIC: [2] Cannot modify header information - headers already sent by (output started at E:\wamp\www\TestThink\ThinkPHP\Common\functions.php:102) E:\wamp\www\TestThink\ThinkPHP\Library\Think\Think.class.php 第 230 行.

[ 2016-06-23T09:42:29+08:00 ] 127.0.0.1 /TestThink/Index
INFO: [ app_init ] --START--
INFO: Run Behavior\BuildLiteBehavior [ RunTime:0.000000s ]
INFO: [ app_init ] --END-- [ RunTime:0.015600s ]
INFO: [ app_begin ] --START--
INFO: Run Behavior\ReadHtmlCacheBehavior [ RunTime:0.000000s ]
INFO: [ app_begin ] --END-- [ RunTime:0.000000s ]
NOTIC: [8] Use of undefined constant Index - assumed 'Index' E:\wamp\www\TestThink\Application\Home\Controller\IndexController.class.php 第 6 行.
NOTIC: [8] Use of undefined constant index - assumed 'index' E:\wamp\www\TestThink\Application\Home\Controller\IndexController.class.php 第 6 行.
NOTIC: [2] Division by zero E:\wamp\www\TestThink\Application\Home\Controller\IndexController.class.php 第 6 行.
ERR: 模板不存在:./Application/Home/View/Index/index.html
NOTIC: [2] Cannot modify header information - headers already sent by (output started at E:\wamp\www\TestThink\ThinkPHP\Common\functions.php:102) E:\wamp\www\TestThink\ThinkPHP\Library\Think\Think.class.php 第 229 行.
NOTIC: [2] Cannot modify header information - headers already sent by (output started at E:\wamp\www\TestThink\ThinkPHP\Common\functions.php:102) E:\wamp\www\TestThink\ThinkPHP\Library\Think\Think.class.php 第 230 行.

[ 2016-06-23T09:42:35+08:00 ] 127.0.0.1 /TestThink/Index/index
INFO: [ app_init ] --START--
INFO: Run Behavior\BuildLiteBehavior [ RunTime:0.000000s ]
INFO: [ app_init ] --END-- [ RunTime:0.000000s ]
INFO: [ app_begin ] --START--
INFO: Run Behavior\ReadHtmlCacheBehavior [ RunTime:0.000000s ]
INFO: [ app_begin ] --END-- [ RunTime:0.000000s ]
NOTIC: [8] Use of undefined constant Index - assumed 'Index' E:\wamp\www\TestThink\Application\Home\Controller\IndexController.class.php 第 6 行.
NOTIC: [8] Use of undefined constant index - assumed 'index' E:\wamp\www\TestThink\Application\Home\Controller\IndexController.class.php 第 6 行.
NOTIC: [2] Division by zero E:\wamp\www\TestThink\Application\Home\Controller\IndexController.class.php 第 6 行.
ERR: 模板不存在:./Application/Home/View/Index/index.html
NOTIC: [2] Cannot modify header information - headers already sent by (output started at E:\wamp\www\TestThink\ThinkPHP\Common\functions.php:102) E:\wamp\www\TestThink\ThinkPHP\Library\Think\Think.class.php 第 229 行.
NOTIC: [2] Cannot modify header information - headers already sent by (output started at E:\wamp\www\TestThink\ThinkPHP\Common\functions.php:102) E:\wamp\www\TestThink\ThinkPHP\Library\Think\Think.class.php 第 230 行.

[ 2016-06-23T09:42:35+08:00 ] 127.0.0.1 /TestThink/Index/index
INFO: [ app_init ] --START--
INFO: Run Behavior\BuildLiteBehavior [ RunTime:0.000000s ]
INFO: [ app_init ] --END-- [ RunTime:0.001000s ]
INFO: [ app_begin ] --START--
INFO: Run Behavior\ReadHtmlCacheBehavior [ RunTime:0.001000s ]
INFO: [ app_begin ] --END-- [ RunTime:0.002000s ]
NOTIC: [8] Use of undefined constant Index - assumed 'Index' E:\wamp\www\TestThink\Application\Home\Controller\IndexController.class.php 第 6 行.
NOTIC: [8] Use of undefined constant index - assumed 'index' E:\wamp\www\TestThink\Application\Home\Controller\IndexController.class.php 第 6 行.
NOTIC: [2] Division by zero E:\wamp\www\TestThink\Application\Home\Controller\IndexController.class.php 第 6 行.
ERR: 模板不存在:./Application/Home/View/Index/index.html
NOTIC: [2] Cannot modify header information - headers already sent by (output started at E:\wamp\www\TestThink\ThinkPHP\Common\functions.php:102) E:\wamp\www\TestThink\ThinkPHP\Library\Think\Think.class.php 第 229 行.
NOTIC: [2] Cannot modify header information - headers already sent by (output started at E:\wamp\www\TestThink\ThinkPHP\Common\functions.php:102) E:\wamp\www\TestThink\ThinkPHP\Library\Think\Think.class.php 第 230 行.

[ 2016-06-23T09:43:14+08:00 ] 127.0.0.1 /TestThink/index
INFO: [ app_init ] --START--
INFO: Run Behavior\BuildLiteBehavior [ RunTime:0.000000s ]
INFO: [ app_init ] --END-- [ RunTime:0.000000s ]
INFO: [ app_begin ] --START--
INFO: Run Behavior\ReadHtmlCacheBehavior [ RunTime:0.000000s ]
INFO: [ app_begin ] --END-- [ RunTime:0.000000s ]
NOTIC: [8] Use of undefined constant Index - assumed 'Index' E:\wamp\www\TestThink\Application\Home\Controller\IndexController.class.php 第 6 行.
NOTIC: [8] Use of undefined constant index - assumed 'index' E:\wamp\www\TestThink\Application\Home\Controller\IndexController.class.php 第 6 行.
NOTIC: [2] Division by zero E:\wamp\www\TestThink\Application\Home\Controller\IndexController.class.php 第 6 行.
ERR: 模板不存在:./Application/Home/View/Index/index.html
NOTIC: [2] Cannot modify header information - headers already sent by (output started at E:\wamp\www\TestThink\ThinkPHP\Common\functions.php:102) E:\wamp\www\TestThink\ThinkPHP\Library\Think\Think.class.php 第 229 行.
NOTIC: [2] Cannot modify header information - headers already sent by (output started at E:\wamp\www\TestThink\ThinkPHP\Common\functions.php:102) E:\wamp\www\TestThink\ThinkPHP\Library\Think\Think.class.php 第 230 行.

[ 2016-06-23T09:43:15+08:00 ] 127.0.0.1 /TestThink/index
INFO: [ app_init ] --START--
INFO: Run Behavior\BuildLiteBehavior [ RunTime:0.000000s ]
INFO: [ app_init ] --END-- [ RunTime:0.001000s ]
INFO: [ app_begin ] --START--
INFO: Run Behavior\ReadHtmlCacheBehavior [ RunTime:0.001000s ]
INFO: [ app_begin ] --END-- [ RunTime:0.002000s ]
NOTIC: [8] Use of undefined constant Index - assumed 'Index' E:\wamp\www\TestThink\Application\Home\Controller\IndexController.class.php 第 6 行.
NOTIC: [8] Use of undefined constant index - assumed 'index' E:\wamp\www\TestThink\Application\Home\Controller\IndexController.class.php 第 6 行.
NOTIC: [2] Division by zero E:\wamp\www\TestThink\Application\Home\Controller\IndexController.class.php 第 6 行.
ERR: 模板不存在:./Application/Home/View/Index/index.html
NOTIC: [2] Cannot modify header information - headers already sent by (output started at E:\wamp\www\TestThink\ThinkPHP\Common\functions.php:102) E:\wamp\www\TestThink\ThinkPHP\Library\Think\Think.class.php 第 229 行.
NOTIC: [2] Cannot modify header information - headers already sent by (output started at E:\wamp\www\TestThink\ThinkPHP\Common\functions.php:102) E:\wamp\www\TestThink\ThinkPHP\Library\Think\Think.class.php 第 230 行.

[ 2016-06-23T09:43:27+08:00 ] 127.0.0.1 /TestThink/index
INFO: [ app_init ] --START--
INFO: Run Behavior\BuildLiteBehavior [ RunTime:0.000000s ]
INFO: [ app_init ] --END-- [ RunTime:0.001000s ]
INFO: [ app_begin ] --START--
INFO: Run Behavior\ReadHtmlCacheBehavior [ RunTime:0.001000s ]
INFO: [ app_begin ] --END-- [ RunTime:0.001000s ]
NOTIC: [8] Use of undefined constant Index - assumed 'Index' E:\wamp\www\TestThink\Application\Home\Controller\IndexController.class.php 第 6 行.
NOTIC: [8] Use of undefined constant index - assumed 'index' E:\wamp\www\TestThink\Application\Home\Controller\IndexController.class.php 第 6 行.
NOTIC: [2] Division by zero E:\wamp\www\TestThink\Application\Home\Controller\IndexController.class.php 第 6 行.
ERR: 模板不存在:./Application/Home/View/Index/index.html
NOTIC: [2] Cannot modify header information - headers already sent by (output started at E:\wamp\www\TestThink\ThinkPHP\Common\functions.php:102) E:\wamp\www\TestThink\ThinkPHP\Library\Think\Think.class.php 第 229 行.
NOTIC: [2] Cannot modify header information - headers already sent by (output started at E:\wamp\www\TestThink\ThinkPHP\Common\functions.php:102) E:\wamp\www\TestThink\ThinkPHP\Library\Think\Think.class.php 第 230 行.

[ 2016-06-23T09:43:28+08:00 ] 127.0.0.1 /TestThink/index
INFO: [ app_init ] --START--
INFO: Run Behavior\BuildLiteBehavior [ RunTime:0.001000s ]
INFO: [ app_init ] --END-- [ RunTime:0.001000s ]
INFO: [ app_begin ] --START--
INFO: Run Behavior\ReadHtmlCacheBehavior [ RunTime:0.001000s ]
INFO: [ app_begin ] --END-- [ RunTime:0.002000s ]
NOTIC: [8] Use of undefined constant Index - assumed 'Index' E:\wamp\www\TestThink\Application\Home\Controller\IndexController.class.php 第 6 行.
NOTIC: [8] Use of undefined constant index - assumed 'index' E:\wamp\www\TestThink\Application\Home\Controller\IndexController.class.php 第 6 行.
NOTIC: [2] Division by zero E:\wamp\www\TestThink\Application\Home\Controller\IndexController.class.php 第 6 行.
ERR: 模板不存在:./Application/Home/View/Index/index.html
NOTIC: [2] Cannot modify header information - headers already sent by (output started at E:\wamp\www\TestThink\ThinkPHP\Common\functions.php:102) E:\wamp\www\TestThink\ThinkPHP\Library\Think\Think.class.php 第 229 行.
NOTIC: [2] Cannot modify header information - headers already sent by (output started at E:\wamp\www\TestThink\ThinkPHP\Common\functions.php:102) E:\wamp\www\TestThink\ThinkPHP\Library\Think\Think.class.php 第 230 行.

[ 2016-06-23T09:45:02+08:00 ] 127.0.0.1 /TestThink/index
INFO: [ app_init ] --START--
INFO: Run Behavior\BuildLiteBehavior [ RunTime:0.000000s ]
INFO: [ app_init ] --END-- [ RunTime:0.000000s ]
INFO: [ app_begin ] --START--
INFO: Run Behavior\ReadHtmlCacheBehavior [ RunTime:0.000000s ]
INFO: [ app_begin ] --END-- [ RunTime:0.000000s ]
ERR: 模板不存在:./Application/Home/View/Index/index.html
NOTIC: [2] Cannot modify header information - headers already sent by (output started at E:\wamp\www\TestThink\ThinkPHP\Common\functions.php:102) E:\wamp\www\TestThink\ThinkPHP\Library\Think\Think.class.php 第 229 行.
NOTIC: [2] Cannot modify header information - headers already sent by (output started at E:\wamp\www\TestThink\ThinkPHP\Common\functions.php:102) E:\wamp\www\TestThink\ThinkPHP\Library\Think\Think.class.php 第 230 行.

[ 2016-06-23T09:45:03+08:00 ] 127.0.0.1 /TestThink/index
INFO: [ app_init ] --START--
INFO: Run Behavior\BuildLiteBehavior [ RunTime:0.000000s ]
INFO: [ app_init ] --END-- [ RunTime:0.000000s ]
INFO: [ app_begin ] --START--
INFO: Run Behavior\ReadHtmlCacheBehavior [ RunTime:0.000000s ]
INFO: [ app_begin ] --END-- [ RunTime:0.000000s ]
ERR: 模板不存在:./Application/Home/View/Index/index.html
NOTIC: [2] Cannot modify header information - headers already sent by (output started at E:\wamp\www\TestThink\ThinkPHP\Common\functions.php:102) E:\wamp\www\TestThink\ThinkPHP\Library\Think\Think.class.php 第 229 行.
NOTIC: [2] Cannot modify header information - headers already sent by (output started at E:\wamp\www\TestThink\ThinkPHP\Common\functions.php:102) E:\wamp\www\TestThink\ThinkPHP\Library\Think\Think.class.php 第 230 行.

[ 2016-06-23T09:45:34+08:00 ] 127.0.0.1 /TestThink/index
INFO: [ app_init ] --START--
INFO: Run Behavior\BuildLiteBehavior [ RunTime:0.000000s ]
INFO: [ app_init ] --END-- [ RunTime:0.000000s ]
INFO: [ app_begin ] --START--
INFO: Run Behavior\ReadHtmlCacheBehavior [ RunTime:0.000000s ]
INFO: [ app_begin ] --END-- [ RunTime:0.000000s ]
ERR: 模板不存在:./Application/Home/View/Index/index.html
NOTIC: [2] Cannot modify header information - headers already sent by (output started at E:\wamp\www\TestThink\ThinkPHP\Common\functions.php:102) E:\wamp\www\TestThink\ThinkPHP\Library\Think\Think.class.php 第 229 行.
NOTIC: [2] Cannot modify header information - headers already sent by (output started at E:\wamp\www\TestThink\ThinkPHP\Common\functions.php:102) E:\wamp\www\TestThink\ThinkPHP\Library\Think\Think.class.php 第 230 行.

[ 2016-06-23T09:45:34+08:00 ] 127.0.0.1 /TestThink/index
INFO: [ app_init ] --START--
INFO: Run Behavior\BuildLiteBehavior [ RunTime:0.000000s ]
INFO: [ app_init ] --END-- [ RunTime:0.003000s ]
INFO: [ app_begin ] --START--
INFO: Run Behavior\ReadHtmlCacheBehavior [ RunTime:0.000000s ]
INFO: [ app_begin ] --END-- [ RunTime:0.002000s ]
ERR: 模板不存在:./Application/Home/View/Index/index.html
NOTIC: [2] Cannot modify header information - headers already sent by (output started at E:\wamp\www\TestThink\ThinkPHP\Common\functions.php:102) E:\wamp\www\TestThink\ThinkPHP\Library\Think\Think.class.php 第 229 行.
NOTIC: [2] Cannot modify header information - headers already sent by (output started at E:\wamp\www\TestThink\ThinkPHP\Common\functions.php:102) E:\wamp\www\TestThink\ThinkPHP\Library\Think\Think.class.php 第 230 行.

[ 2016-06-23T09:47:07+08:00 ] 127.0.0.1 /TestThink/Index
INFO: [ app_init ] --START--
INFO: Run Behavior\BuildLiteBehavior [ RunTime:0.000000s ]
INFO: [ app_init ] --END-- [ RunTime:0.001000s ]
INFO: [ app_begin ] --START--
INFO: Run Behavior\ReadHtmlCacheBehavior [ RunTime:0.001000s ]
INFO: [ app_begin ] --END-- [ RunTime:0.002000s ]
ERR: 模板不存在:./Application/Home/View/Index/index.html
NOTIC: [2] Cannot modify header information - headers already sent by (output started at E:\wamp\www\TestThink\ThinkPHP\Common\functions.php:102) E:\wamp\www\TestThink\ThinkPHP\Library\Think\Think.class.php 第 229 行.
NOTIC: [2] Cannot modify header information - headers already sent by (output started at E:\wamp\www\TestThink\ThinkPHP\Common\functions.php:102) E:\wamp\www\TestThink\ThinkPHP\Library\Think\Think.class.php 第 230 行.

[ 2016-06-23T09:47:08+08:00 ] 127.0.0.1 /TestThink/Index
INFO: [ app_init ] --START--
INFO: Run Behavior\BuildLiteBehavior [ RunTime:0.001000s ]
INFO: [ app_init ] --END-- [ RunTime:0.002000s ]
INFO: [ app_begin ] --START--
INFO: Run Behavior\ReadHtmlCacheBehavior [ RunTime:0.001000s ]
INFO: [ app_begin ] --END-- [ RunTime:0.002000s ]
ERR: 模板不存在:./Application/Home/View/Index/index.html
NOTIC: [2] Cannot modify header information - headers already sent by (output started at E:\wamp\www\TestThink\ThinkPHP\Common\functions.php:102) E:\wamp\www\TestThink\ThinkPHP\Library\Think\Think.class.php 第 229 行.
NOTIC: [2] Cannot modify header information - headers already sent by (output started at E:\wamp\www\TestThink\ThinkPHP\Common\functions.php:102) E:\wamp\www\TestThink\ThinkPHP\Library\Think\Think.class.php 第 230 行.

[ 2016-06-23T09:47:13+08:00 ] 127.0.0.1 /TestThink/Index/index
INFO: [ app_init ] --START--
INFO: Run Behavior\BuildLiteBehavior [ RunTime:0.000000s ]
INFO: [ app_init ] --END-- [ RunTime:0.001000s ]
INFO: [ app_begin ] --START--
INFO: Run Behavior\ReadHtmlCacheBehavior [ RunTime:0.001000s ]
INFO: [ app_begin ] --END-- [ RunTime:0.001000s ]
ERR: 模板不存在:./Application/Home/View/Index/index.html
NOTIC: [2] Cannot modify header information - headers already sent by (output started at E:\wamp\www\TestThink\ThinkPHP\Common\functions.php:102) E:\wamp\www\TestThink\ThinkPHP\Library\Think\Think.class.php 第 229 行.
NOTIC: [2] Cannot modify header information - headers already sent by (output started at E:\wamp\www\TestThink\ThinkPHP\Common\functions.php:102) E:\wamp\www\TestThink\ThinkPHP\Library\Think\Think.class.php 第 230 行.

[ 2016-06-23T09:47:14+08:00 ] 127.0.0.1 /TestThink/Index/index
INFO: [ app_init ] --START--
INFO: Run Behavior\BuildLiteBehavior [ RunTime:0.000000s ]
INFO: [ app_init ] --END-- [ RunTime:0.001000s ]
INFO: [ app_begin ] --START--
INFO: Run Behavior\ReadHtmlCacheBehavior [ RunTime:0.001000s ]
INFO: [ app_begin ] --END-- [ RunTime:0.002000s ]
ERR: 模板不存在:./Application/Home/View/Index/index.html
NOTIC: [2] Cannot modify header information - headers already sent by (output started at E:\wamp\www\TestThink\ThinkPHP\Common\functions.php:102) E:\wamp\www\TestThink\ThinkPHP\Library\Think\Think.class.php 第 229 行.
NOTIC: [2] Cannot modify header information - headers already sent by (output started at E:\wamp\www\TestThink\ThinkPHP\Common\functions.php:102) E:\wamp\www\TestThink\ThinkPHP\Library\Think\Think.class.php 第 230 行.

[ 2016-06-23T09:48:28+08:00 ] 127.0.0.1 /TestThink/Index/test
INFO: [ app_init ] --START--
INFO: Run Behavior\BuildLiteBehavior [ RunTime:0.000000s ]
INFO: [ app_init ] --END-- [ RunTime:0.000000s ]
INFO: [ app_begin ] --START--
INFO: Run Behavior\ReadHtmlCacheBehavior [ RunTime:0.015600s ]
INFO: [ app_begin ] --END-- [ RunTime:0.015600s ]
ERR: 非法操作:test
NOTIC: [2] Cannot modify header information - headers already sent by (output started at E:\wamp\www\TestThink\ThinkPHP\Common\functions.php:102) E:\wamp\www\TestThink\ThinkPHP\Library\Think\Think.class.php 第 229 行.
NOTIC: [2] Cannot modify header information - headers already sent by (output started at E:\wamp\www\TestThink\ThinkPHP\Common\functions.php:102) E:\wamp\www\TestThink\ThinkPHP\Library\Think\Think.class.php 第 230 行.

[ 2016-06-23T09:48:29+08:00 ] 127.0.0.1 /TestThink/Index/test
INFO: [ app_init ] --START--
INFO: Run Behavior\BuildLiteBehavior [ RunTime:0.000000s ]
INFO: [ app_init ] --END-- [ RunTime:0.002000s ]
INFO: [ app_begin ] --START--
INFO: Run Behavior\ReadHtmlCacheBehavior [ RunTime:0.002000s ]
INFO: [ app_begin ] --END-- [ RunTime:0.002000s ]
ERR: 非法操作:test
NOTIC: [2] Cannot modify header information - headers already sent by (output started at E:\wamp\www\TestThink\ThinkPHP\Common\functions.php:102) E:\wamp\www\TestThink\ThinkPHP\Library\Think\Think.class.php 第 229 行.
NOTIC: [2] Cannot modify header information - headers already sent by (output started at E:\wamp\www\TestThink\ThinkPHP\Common\functions.php:102) E:\wamp\www\TestThink\ThinkPHP\Library\Think\Think.class.php 第 230 行.

[ 2016-06-23T09:51:46+08:00 ] 127.0.0.1 /TestThink/Index/index
INFO: [ app_init ] --START--
INFO: Run Behavior\BuildLiteBehavior [ RunTime:0.000000s ]
INFO: [ app_init ] --END-- [ RunTime:0.002000s ]
INFO: [ app_begin ] --START--
INFO: Run Behavior\ReadHtmlCacheBehavior [ RunTime:0.001000s ]
INFO: [ app_begin ] --END-- [ RunTime:0.002000s ]
ERR: 模板不存在:./Application/Home/View/Index/index.html
NOTIC: [2] Cannot modify header information - headers already sent by (output started at E:\wamp\www\TestThink\ThinkPHP\Common\functions.php:102) E:\wamp\www\TestThink\ThinkPHP\Library\Think\Think.class.php 第 229 行.
NOTIC: [2] Cannot modify header information - headers already sent by (output started at E:\wamp\www\TestThink\ThinkPHP\Common\functions.php:102) E:\wamp\www\TestThink\ThinkPHP\Library\Think\Think.class.php 第 230 行.

[ 2016-06-23T09:51:46+08:00 ] 127.0.0.1 /TestThink/Index/index
INFO: [ app_init ] --START--
INFO: Run Behavior\BuildLiteBehavior [ RunTime:0.000000s ]
INFO: [ app_init ] --END-- [ RunTime:0.000000s ]
INFO: [ app_begin ] --START--
INFO: Run Behavior\ReadHtmlCacheBehavior [ RunTime:0.000000s ]
INFO: [ app_begin ] --END-- [ RunTime:0.000000s ]
ERR: 模板不存在:./Application/Home/View/Index/index.html
NOTIC: [2] Cannot modify header information - headers already sent by (output started at E:\wamp\www\TestThink\ThinkPHP\Common\functions.php:102) E:\wamp\www\TestThink\ThinkPHP\Library\Think\Think.class.php 第 229 行.
NOTIC: [2] Cannot modify header information - headers already sent by (output started at E:\wamp\www\TestThink\ThinkPHP\Common\functions.php:102) E:\wamp\www\TestThink\ThinkPHP\Library\Think\Think.class.php 第 230 行.

[ 2016-06-23T10:17:21+08:00 ] 127.0.0.1 /TestThink/Index/index
INFO: [ app_init ] --START--
INFO: Run Behavior\BuildLiteBehavior [ RunTime:0.000000s ]
INFO: [ app_init ] --END-- [ RunTime:0.001000s ]
INFO: [ app_begin ] --START--
INFO: Run Behavior\ReadHtmlCacheBehavior [ RunTime:0.000000s ]
INFO: [ app_begin ] --END-- [ RunTime:0.002000s ]
ERR: 模板不存在:./Application/Home/View/Index/index.html
NOTIC: [2] Cannot modify header information - headers already sent by (output started at E:\wamp\www\TestThink\ThinkPHP\Common\functions.php:102) E:\wamp\www\TestThink\ThinkPHP\Library\Think\Think.class.php 第 229 行.
NOTIC: [2] Cannot modify header information - headers already sent by (output started at E:\wamp\www\TestThink\ThinkPHP\Common\functions.php:102) E:\wamp\www\TestThink\ThinkPHP\Library\Think\Think.class.php 第 230 行.

[ 2016-06-23T10:17:22+08:00 ] 127.0.0.1 /TestThink/Index/index
INFO: [ app_init ] --START--
INFO: Run Behavior\BuildLiteBehavior [ RunTime:0.000000s ]
INFO: [ app_init ] --END-- [ RunTime:0.002000s ]
INFO: [ app_begin ] --START--
INFO: Run Behavior\ReadHtmlCacheBehavior [ RunTime:0.002000s ]
INFO: [ app_begin ] --END-- [ RunTime:0.002000s ]
ERR: 模板不存在:./Application/Home/View/Index/index.html
NOTIC: [2] Cannot modify header information - headers already sent by (output started at E:\wamp\www\TestThink\ThinkPHP\Common\functions.php:102) E:\wamp\www\TestThink\ThinkPHP\Library\Think\Think.class.php 第 229 行.
NOTIC: [2] Cannot modify header information - headers already sent by (output started at E:\wamp\www\TestThink\ThinkPHP\Common\functions.php:102) E:\wamp\www\TestThink\ThinkPHP\Library\Think\Think.class.php 第 230 行.

[ 2016-06-23T10:22:47+08:00 ] 127.0.0.1 /TestThink/Index/index
INFO: [ app_init ] --START--
INFO: Run Behavior\BuildLiteBehavior [ RunTime:0.000000s ]
INFO: [ app_init ] --END-- [ RunTime:0.000000s ]
INFO: [ app_begin ] --START--
INFO: Run Behavior\ReadHtmlCacheBehavior [ RunTime:0.000000s ]
INFO: [ app_begin ] --END-- [ RunTime:0.000000s ]
ERR: 模板不存在:./Application/Home/View/Index/index.html
NOTIC: [2] Cannot modify header information - headers already sent by (output started at E:\wamp\www\TestThink\ThinkPHP\Common\functions.php:102) E:\wamp\www\TestThink\ThinkPHP\Library\Think\Think.class.php 第 229 行.
NOTIC: [2] Cannot modify header information - headers already sent by (output started at E:\wamp\www\TestThink\ThinkPHP\Common\functions.php:102) E:\wamp\www\TestThink\ThinkPHP\Library\Think\Think.class.php 第 230 行.

[ 2016-06-23T10:22:47+08:00 ] 127.0.0.1 /TestThink/Index/index
INFO: [ app_init ] --START--
INFO: Run Behavior\BuildLiteBehavior [ RunTime:0.000000s ]
INFO: [ app_init ] --END-- [ RunTime:0.000000s ]
INFO: [ app_begin ] --START--
INFO: Run Behavior\ReadHtmlCacheBehavior [ RunTime:0.000000s ]
INFO: [ app_begin ] --END-- [ RunTime:0.000000s ]
ERR: 模板不存在:./Application/Home/View/Index/index.html
NOTIC: [2] Cannot modify header information - headers already sent by (output started at E:\wamp\www\TestThink\ThinkPHP\Common\functions.php:102) E:\wamp\www\TestThink\ThinkPHP\Library\Think\Think.class.php 第 229 行.
NOTIC: [2] Cannot modify header information - headers already sent by (output started at E:\wamp\www\TestThink\ThinkPHP\Common\functions.php:102) E:\wamp\www\TestThink\ThinkPHP\Library\Think\Think.class.php 第 230 行.

[ 2016-06-23T10:28:25+08:00 ] 127.0.0.1 /TestThink/Index/index
INFO: [ app_init ] --START--
INFO: Run Behavior\BuildLiteBehavior [ RunTime:0.000000s ]
INFO: [ app_init ] --END-- [ RunTime:0.000000s ]
INFO: [ app_begin ] --START--
INFO: Run Behavior\ReadHtmlCacheBehavior [ RunTime:0.001000s ]
INFO: [ app_begin ] --END-- [ RunTime:0.001000s ]
INFO: [ app_end ] --START--
INFO: Run Behavior\ShowPageTraceBehavior [ RunTime:0.031002s ]
INFO: [ app_end ] --END-- [ RunTime:0.032002s ]

[ 2016-06-23T10:32:55+08:00 ] 127.0.0.1 /TestThink/Index/index
INFO: [ app_init ] --START--
INFO: Run Behavior\BuildLiteBehavior [ RunTime:0.000000s ]
INFO: [ app_init ] --END-- [ RunTime:0.001000s ]
INFO: [ app_begin ] --START--
INFO: Run Behavior\ReadHtmlCacheBehavior [ RunTime:0.001000s ]
INFO: [ app_begin ] --END-- [ RunTime:0.001000s ]
ERR: 模板不存在:./Application/Home/View/Index/index.html
NOTIC: [2] Cannot modify header information - headers already sent by (output started at E:\wamp\www\TestThink\ThinkPHP\Common\functions.php:102) E:\wamp\www\TestThink\ThinkPHP\Library\Think\Think.class.php 第 229 行.
NOTIC: [2] Cannot modify header information - headers already sent by (output started at E:\wamp\www\TestThink\ThinkPHP\Common\functions.php:102) E:\wamp\www\TestThink\ThinkPHP\Library\Think\Think.class.php 第 230 行.

[ 2016-06-23T10:32:56+08:00 ] 127.0.0.1 /TestThink/Index/index
INFO: [ app_init ] --START--
INFO: Run Behavior\BuildLiteBehavior [ RunTime:0.000000s ]
INFO: [ app_init ] --END-- [ RunTime:0.001000s ]
INFO: [ app_begin ] --START--
INFO: Run Behavior\ReadHtmlCacheBehavior [ RunTime:0.001000s ]
INFO: [ app_begin ] --END-- [ RunTime:0.002000s ]
ERR: 模板不存在:./Application/Home/View/Index/index.html
NOTIC: [2] Cannot modify header information - headers already sent by (output started at E:\wamp\www\TestThink\ThinkPHP\Common\functions.php:102) E:\wamp\www\TestThink\ThinkPHP\Library\Think\Think.class.php 第 229 行.
NOTIC: [2] Cannot modify header information - headers already sent by (output started at E:\wamp\www\TestThink\ThinkPHP\Common\functions.php:102) E:\wamp\www\TestThink\ThinkPHP\Library\Think\Think.class.php 第 230 行.

[ 2016-06-23T10:37:01+08:00 ] 127.0.0.1 /TestThink/Index/index
INFO: [ app_init ] --START--
INFO: Run Behavior\BuildLiteBehavior [ RunTime:0.000000s ]
INFO: [ app_init ] --END-- [ RunTime:0.001000s ]
INFO: [ app_begin ] --START--
INFO: Run Behavior\ReadHtmlCacheBehavior [ RunTime:0.002000s ]
INFO: [ app_begin ] --END-- [ RunTime:0.002000s ]
ERR: 模板不存在:./Application/Home/View/Index/index.html
NOTIC: [2] Cannot modify header information - headers already sent by (output started at E:\wamp\www\TestThink\ThinkPHP\Common\functions.php:102) E:\wamp\www\TestThink\ThinkPHP\Library\Think\Think.class.php 第 229 行.
NOTIC: [2] Cannot modify header information - headers already sent by (output started at E:\wamp\www\TestThink\ThinkPHP\Common\functions.php:102) E:\wamp\www\TestThink\ThinkPHP\Library\Think\Think.class.php 第 230 行.

[ 2016-06-23T10:37:01+08:00 ] 127.0.0.1 /TestThink/Index/index
INFO: [ app_init ] --START--
INFO: Run Behavior\BuildLiteBehavior [ RunTime:0.000000s ]
INFO: [ app_init ] --END-- [ RunTime:0.001000s ]
INFO: [ app_begin ] --START--
INFO: Run Behavior\ReadHtmlCacheBehavior [ RunTime:0.001000s ]
INFO: [ app_begin ] --END-- [ RunTime:0.002000s ]
ERR: 模板不存在:./Application/Home/View/Index/index.html
NOTIC: [2] Cannot modify header information - headers already sent by (output started at E:\wamp\www\TestThink\ThinkPHP\Common\functions.php:102) E:\wamp\www\TestThink\ThinkPHP\Library\Think\Think.class.php 第 229 行.
NOTIC: [2] Cannot modify header information - headers already sent by (output started at E:\wamp\www\TestThink\ThinkPHP\Common\functions.php:102) E:\wamp\www\TestThink\ThinkPHP\Library\Think\Think.class.php 第 230 行.

[ 2016-06-23T10:40:58+08:00 ] 127.0.0.1 /TestThink/Index/index
INFO: [ app_init ] --START--
INFO: Run Behavior\BuildLiteBehavior [ RunTime:0.000000s ]
INFO: [ app_init ] --END-- [ RunTime:0.001000s ]
INFO: [ app_begin ] --START--
INFO: Run Behavior\ReadHtmlCacheBehavior [ RunTime:0.001000s ]
INFO: [ app_begin ] --END-- [ RunTime:0.002000s ]
INFO: [ view_parse ] --START--
INFO: [ template_filter ] --START--
INFO: Run Behavior\ContentReplaceBehavior [ RunTime:0.000000s ]
INFO: [ template_filter ] --END-- [ RunTime:0.001000s ]
INFO: Run Behavior\ParseTemplateBehavior [ RunTime:0.047002s ]
INFO: [ view_parse ] --END-- [ RunTime:0.047002s ]
INFO: [ view_filter ] --START--
INFO: Run Behavior\WriteHtmlCacheBehavior [ RunTime:0.011001s ]
INFO: [ view_filter ] --END-- [ RunTime:0.011001s ]
INFO: [ app_end ] --START--
INFO: Run Behavior\ShowPageTraceBehavior [ RunTime:0.001000s ]
INFO: [ app_end ] --END-- [ RunTime:0.001000s ]

[ 2016-06-23T10:52:02+08:00 ] 127.0.0.1 /TestThink/Index/index
INFO: [ app_init ] --START--
INFO: Run Behavior\BuildLiteBehavior [ RunTime:0.000000s ]
INFO: [ app_init ] --END-- [ RunTime:0.001000s ]
INFO: [ app_begin ] --START--
INFO: Run Behavior\ReadHtmlCacheBehavior [ RunTime:0.001000s ]
INFO: [ app_begin ] --END-- [ RunTime:0.001000s ]
INFO: [ view_parse ] --START--
INFO: [ template_filter ] --START--
INFO: Run Behavior\ContentReplaceBehavior [ RunTime:0.000000s ]
INFO: [ template_filter ] --END-- [ RunTime:0.001000s ]
INFO: Run Behavior\ParseTemplateBehavior [ RunTime:0.009001s ]
INFO: [ view_parse ] --END-- [ RunTime:0.010001s ]
INFO: [ view_filter ] --START--
INFO: Run Behavior\WriteHtmlCacheBehavior [ RunTime:0.001000s ]
INFO: [ view_filter ] --END-- [ RunTime:0.001000s ]
INFO: [ app_end ] --START--
INFO: Run Behavior\ShowPageTraceBehavior [ RunTime:0.001000s ]
INFO: [ app_end ] --END-- [ RunTime:0.001000s ]

[ 2016-06-23T11:16:28+08:00 ] 127.0.0.1 /TestThink/Index/index
INFO: [ app_init ] --START--
INFO: Run Behavior\BuildLiteBehavior [ RunTime:0.000000s ]
INFO: [ app_init ] --END-- [ RunTime:0.001000s ]
INFO: [ app_begin ] --START--
INFO: Run Behavior\ReadHtmlCacheBehavior [ RunTime:0.001000s ]
INFO: [ app_begin ] --END-- [ RunTime:0.001000s ]
INFO: [ view_parse ] --START--
INFO: [ template_filter ] --START--
INFO: Run Behavior\ContentReplaceBehavior [ RunTime:0.000000s ]
INFO: [ template_filter ] --END-- [ RunTime:0.000000s ]
INFO: Run Behavior\ParseTemplateBehavior [ RunTime:0.008001s ]
INFO: [ view_parse ] --END-- [ RunTime:0.009001s ]
INFO: [ view_filter ] --START--
INFO: Run Behavior\WriteHtmlCacheBehavior [ RunTime:0.000000s ]
INFO: [ view_filter ] --END-- [ RunTime:0.000000s ]
INFO: [ app_end ] --START--
INFO: Run Behavior\ShowPageTraceBehavior [ RunTime:0.001000s ]
INFO: [ app_end ] --END-- [ RunTime:0.001000s ]

[ 2016-06-23T11:33:52+08:00 ] 127.0.0.1 /TestThink/Index/index
INFO: [ app_init ] --START--
INFO: Run Behavior\BuildLiteBehavior [ RunTime:0.001000s ]
INFO: [ app_init ] --END-- [ RunTime:0.002000s ]
INFO: [ app_begin ] --START--
INFO: Run Behavior\ReadHtmlCacheBehavior [ RunTime:0.001000s ]
INFO: [ app_begin ] --END-- [ RunTime:0.001000s ]
INFO: [ view_parse ] --START--
INFO: [ template_filter ] --START--
INFO: Run Behavior\ContentReplaceBehavior [ RunTime:0.000000s ]
INFO: [ template_filter ] --END-- [ RunTime:0.001000s ]
INFO: Run Behavior\ParseTemplateBehavior [ RunTime:0.049003s ]
INFO: [ view_parse ] --END-- [ RunTime:0.050003s ]
INFO: [ view_filter ] --START--
INFO: Run Behavior\WriteHtmlCacheBehavior [ RunTime:0.001000s ]
INFO: [ view_filter ] --END-- [ RunTime:0.001000s ]
INFO: [ app_end ] --START--
INFO: Run Behavior\ShowPageTraceBehavior [ RunTime:0.001000s ]
INFO: [ app_end ] --END-- [ RunTime:0.001000s ]

[ 2016-06-23T16:26:54+08:00 ] 127.0.0.1 /thinkphp/index
INFO: [ app_init ] --START--
INFO: Run Behavior\BuildLiteBehavior [ RunTime:0.000000s ]
INFO: [ app_init ] --END-- [ RunTime:0.003000s ]
INFO: [ app_begin ] --START--
INFO: Run Behavior\ReadHtmlCacheBehavior [ RunTime:0.003000s ]
INFO: [ app_begin ] --END-- [ RunTime:0.003000s ]
INFO: [ view_parse ] --START--
INFO: [ template_filter ] --START--
INFO: Run Behavior\ContentReplaceBehavior [ RunTime:0.001000s ]
INFO: [ template_filter ] --END-- [ RunTime:0.001000s ]
INFO: Run Behavior\ParseTemplateBehavior [ RunTime:0.022001s ]
INFO: [ view_parse ] --END-- [ RunTime:0.022001s ]
INFO: [ view_filter ] --START--
INFO: Run Behavior\WriteHtmlCacheBehavior [ RunTime:0.001000s ]
INFO: [ view_filter ] --END-- [ RunTime:0.001000s ]
INFO: [ app_end ] --START--
INFO: Run Behavior\ShowPageTraceBehavior [ RunTime:0.001000s ]
INFO: [ app_end ] --END-- [ RunTime:0.001000s ]

[ 2016-06-23T16:27:01+08:00 ] 127.0.0.1 /thinkphp/index/index
INFO: [ app_init ] --START--
INFO: Run Behavior\BuildLiteBehavior [ RunTime:0.000000s ]
INFO: [ app_init ] --END-- [ RunTime:0.001000s ]
INFO: [ app_begin ] --START--
INFO: Run Behavior\ReadHtmlCacheBehavior [ RunTime:0.001000s ]
INFO: [ app_begin ] --END-- [ RunTime:0.002000s ]
INFO: [ view_parse ] --START--
INFO: [ template_filter ] --START--
INFO: Run Behavior\ContentReplaceBehavior [ RunTime:0.000000s ]
INFO: [ template_filter ] --END-- [ RunTime:0.000000s ]
INFO: Run Behavior\ParseTemplateBehavior [ RunTime:0.012001s ]
INFO: [ view_parse ] --END-- [ RunTime:0.013001s ]
INFO: [ view_filter ] --START--
INFO: Run Behavior\WriteHtmlCacheBehavior [ RunTime:0.001000s ]
INFO: [ view_filter ] --END-- [ RunTime:0.001000s ]
INFO: [ app_end ] --START--
INFO: Run Behavior\ShowPageTraceBehavior [ RunTime:0.001000s ]
INFO: [ app_end ] --END-- [ RunTime:0.001000s ]

[ 2016-06-23T17:34:34+08:00 ] 127.0.0.1 /www/index
INFO: [ app_init ] --START--
INFO: Run Behavior\BuildLiteBehavior [ RunTime:0.001000s ]
INFO: [ app_init ] --END-- [ RunTime:0.002000s ]
INFO: [ app_begin ] --START--
INFO: Run Behavior\ReadHtmlCacheBehavior [ RunTime:0.003001s ]
INFO: [ app_begin ] --END-- [ RunTime:0.003001s ]
INFO: [ view_parse ] --START--
INFO: [ template_filter ] --START--
INFO: Run Behavior\ContentReplaceBehavior [ RunTime:0.000000s ]
INFO: [ template_filter ] --END-- [ RunTime:0.001000s ]
INFO: Run Behavior\ParseTemplateBehavior [ RunTime:0.048003s ]
INFO: [ view_parse ] --END-- [ RunTime:0.049003s ]
INFO: [ view_filter ] --START--
INFO: Run Behavior\WriteHtmlCacheBehavior [ RunTime:0.002000s ]
INFO: [ view_filter ] --END-- [ RunTime:0.002000s ]
INFO: [ app_end ] --START--
INFO: Run Behavior\ShowPageTraceBehavior [ RunTime:0.002000s ]
INFO: [ app_end ] --END-- [ RunTime:0.002000s ]

[ 2016-06-23T17:35:00+08:00 ] 127.0.0.1 /www/Index/index
INFO: [ app_init ] --START--
INFO: Run Behavior\BuildLiteBehavior [ RunTime:0.001000s ]
INFO: [ app_init ] --END-- [ RunTime:0.002000s ]
INFO: [ app_begin ] --START--
INFO: Run Behavior\ReadHtmlCacheBehavior [ RunTime:0.002000s ]
INFO: [ app_begin ] --END-- [ RunTime:0.003000s ]
INFO: [ view_parse ] --START--
INFO: [ template_filter ] --START--
INFO: Run Behavior\ContentReplaceBehavior [ RunTime:0.001000s ]
INFO: [ template_filter ] --END-- [ RunTime:0.001000s ]
INFO: Run Behavior\ParseTemplateBehavior [ RunTime:0.016001s ]
INFO: [ view_parse ] --END-- [ RunTime:0.018001s ]
INFO: [ view_filter ] --START--
INFO: Run Behavior\WriteHtmlCacheBehavior [ RunTime:0.001000s ]
INFO: [ view_filter ] --END-- [ RunTime:0.001000s ]
INFO: [ app_end ] --START--
INFO: Run Behavior\ShowPageTraceBehavior [ RunTime:0.002000s ]
INFO: [ app_end ] --END-- [ RunTime:0.002000s ]

[ 2016-06-23T17:36:29+08:00 ] 127.0.0.1 /www/Index/index
INFO: [ app_init ] --START--
INFO: Run Behavior\BuildLiteBehavior [ RunTime:0.000000s ]
INFO: [ app_init ] --END-- [ RunTime:0.001000s ]
INFO: [ app_begin ] --START--
INFO: Run Behavior\ReadHtmlCacheBehavior [ RunTime:0.002000s ]
INFO: [ app_begin ] --END-- [ RunTime:0.002000s ]
INFO: [ view_parse ] --START--
INFO: [ template_filter ] --START--
INFO: Run Behavior\ContentReplaceBehavior [ RunTime:0.000000s ]
INFO: [ template_filter ] --END-- [ RunTime:0.000000s ]
INFO: Run Behavior\ParseTemplateBehavior [ RunTime:0.011001s ]
INFO: [ view_parse ] --END-- [ RunTime:0.012001s ]
INFO: [ view_filter ] --START--
INFO: Run Behavior\WriteHtmlCacheBehavior [ RunTime:0.001000s ]
INFO: [ view_filter ] --END-- [ RunTime:0.001000s ]
INFO: [ app_end ] --START--
INFO: Run Behavior\ShowPageTraceBehavior [ RunTime:0.001000s ]
INFO: [ app_end ] --END-- [ RunTime:0.002000s ]

[ 2016-06-23T17:40:04+08:00 ] 127.0.0.1 /www/Index/index
INFO: [ app_init ] --START--
INFO: Run Behavior\BuildLiteBehavior [ RunTime:0.000000s ]
INFO: [ app_init ] --END-- [ RunTime:0.001000s ]
INFO: [ app_begin ] --START--
INFO: Run Behavior\ReadHtmlCacheBehavior [ RunTime:0.002000s ]
INFO: [ app_begin ] --END-- [ RunTime:0.003001s ]
INFO: [ view_parse ] --START--
INFO: [ template_filter ] --START--
INFO: Run Behavior\ContentReplaceBehavior [ RunTime:0.001000s ]
INFO: [ template_filter ] --END-- [ RunTime:0.001000s ]
INFO: Run Behavior\ParseTemplateBehavior [ RunTime:0.006000s ]
INFO: [ view_parse ] --END-- [ RunTime:0.006000s ]
INFO: [ view_filter ] --START--
INFO: Run Behavior\WriteHtmlCacheBehavior [ RunTime:0.001000s ]
INFO: [ view_filter ] --END-- [ RunTime:0.001000s ]
INFO: [ app_end ] --START--
INFO: Run Behavior\ShowPageTraceBehavior [ RunTime:0.001000s ]
INFO: [ app_end ] --END-- [ RunTime:0.001000s ]

[ 2016-06-23T17:44:11+08:00 ] 127.0.0.1 /www/Index/index
INFO: [ app_init ] --START--
INFO: Run Behavior\BuildLiteBehavior [ RunTime:0.000000s ]
INFO: [ app_init ] --END-- [ RunTime:0.001000s ]
INFO: [ app_begin ] --START--
INFO: Run Behavior\ReadHtmlCacheBehavior [ RunTime:0.002000s ]
INFO: [ app_begin ] --END-- [ RunTime:0.002000s ]
INFO: [ view_parse ] --START--
INFO: [ template_filter ] --START--
INFO: Run Behavior\ContentReplaceBehavior [ RunTime:0.000000s ]
INFO: [ template_filter ] --END-- [ RunTime:0.001000s ]
INFO: Run Behavior\ParseTemplateBehavior [ RunTime:0.006000s ]
INFO: [ view_parse ] --END-- [ RunTime:0.006000s ]
INFO: [ view_filter ] --START--
INFO: Run Behavior\WriteHtmlCacheBehavior [ RunTime:0.001000s ]
INFO: [ view_filter ] --END-- [ RunTime:0.001000s ]
INFO: [ app_end ] --START--
INFO: Run Behavior\ShowPageTraceBehavior [ RunTime:0.001000s ]
INFO: [ app_end ] --END-- [ RunTime:0.001000s ]

[ 2016-06-23T17:46:08+08:00 ] 127.0.0.1 /www/Index/index
INFO: [ app_init ] --START--
INFO: Run Behavior\BuildLiteBehavior [ RunTime:0.000000s ]
INFO: [ app_init ] --END-- [ RunTime:0.002000s ]
INFO: [ app_begin ] --START--
INFO: Run Behavior\ReadHtmlCacheBehavior [ RunTime:0.002001s ]
INFO: [ app_begin ] --END-- [ RunTime:0.003001s ]
INFO: [ view_parse ] --START--
INFO: [ template_filter ] --START--
INFO: Run Behavior\ContentReplaceBehavior [ RunTime:0.000000s ]
INFO: [ template_filter ] --END-- [ RunTime:0.001000s ]
INFO: Run Behavior\ParseTemplateBehavior [ RunTime:0.015001s ]
INFO: [ view_parse ] --END-- [ RunTime:0.016001s ]
INFO: [ view_filter ] --START--
INFO: Run Behavior\WriteHtmlCacheBehavior [ RunTime:0.001000s ]
INFO: [ view_filter ] --END-- [ RunTime:0.001000s ]
INFO: [ app_end ] --START--
INFO: Run Behavior\ShowPageTraceBehavior [ RunTime:0.001000s ]
INFO: [ app_end ] --END-- [ RunTime:0.001000s ]

[ 2016-06-23T17:47:12+08:00 ] 127.0.0.1 /www/Index/index
INFO: [ app_init ] --START--
INFO: Run Behavior\BuildLiteBehavior [ RunTime:0.000000s ]
INFO: [ app_init ] --END-- [ RunTime:0.003000s ]
INFO: [ app_begin ] --START--
INFO: Run Behavior\ReadHtmlCacheBehavior [ RunTime:0.002000s ]
INFO: [ app_begin ] --END-- [ RunTime:0.003000s ]
INFO: [ view_parse ] --START--
INFO: [ template_filter ] --START--
INFO: Run Behavior\ContentReplaceBehavior [ RunTime:0.000000s ]
INFO: [ template_filter ] --END-- [ RunTime:0.000000s ]
INFO: Run Behavior\ParseTemplateBehavior [ RunTime:0.015001s ]
INFO: [ view_parse ] --END-- [ RunTime:0.015001s ]
INFO: [ view_filter ] --START--
INFO: Run Behavior\WriteHtmlCacheBehavior [ RunTime:0.001000s ]
INFO: [ view_filter ] --END-- [ RunTime:0.002000s ]
INFO: [ app_end ] --START--
INFO: Run Behavior\ShowPageTraceBehavior [ RunTime:0.001000s ]
INFO: [ app_end ] --END-- [ RunTime:0.002000s ]

